{
  "RSpec": {
    "coverage": {
      "/home/ed/angular_todo/spec/support/database_cleaner.rb": [
        1,
        null,
        1,
        null,
        1,
        1,
        0,
        null,
        null,
        null,
        null,
        null,
        null,
        null,
        null,
        null,
        1,
        null,
        null,
        1,
        1,
        null,
        null,
        1,
        1,
        null,
        1,
        1,
        null,
        null,
        null,
        1,
        1,
        null,
        null,
        1,
        1,
        null,
        null,
        null
      ],
      "/home/ed/angular_todo/spec/support/helpers/login_helper.rb": [
        1,
        1,
        null,
        1,
        0,
        0,
        0,
        0,
        0,
        0,
        null,
        null,
        null,
        1,
        1,
        1,
        1,
        1,
        1,
        null,
        null,
        null,
        null
      ],
      "/home/ed/angular_todo/spec/support/helpers/project_helper.rb": [
        1,
        1,
        1,
        0,
        0,
        0,
        null,
        null,
        null,
        1,
        0,
        0,
        0,
        null,
        null,
        null,
        null,
        null
      ],
      "/home/ed/angular_todo/spec/support/helpers/comment_helper.rb": [
        1,
        1,
        1,
        0,
        0,
        0,
        null,
        null,
        null,
        null,
        null
      ],
      "/home/ed/angular_todo/spec/support/helpers/task_helper.rb": [
        1,
        1,
        1,
        0,
        0,
        0,
        null,
        null,
        null,
        1,
        0,
        0,
        0,
        null,
        null,
        null,
        null,
        null
      ],
      "/home/ed/angular_todo/spec/features/us08_setup_deadline_spec.rb": [
        1,
        1,
        null,
        1,
        2,
        null,
        1,
        1,
        1,
        1,
        1,
        null,
        null,
        1,
        1,
        1,
        null,
        null,
        1,
        1,
        null,
        1,
        null,
        1,
        1,
        1,
        null,
        1,
        0,
        null,
        null,
        null,
        null,
        null
      ],
      "/home/ed/angular_todo/app/models/project.rb": [
        1,
        1,
        3,
        1,
        1,
        null
      ],
      "/home/ed/angular_todo/app/models/application_record.rb": [
        1,
        1,
        1,
        null,
        null
      ],
      "/home/ed/angular_todo/app/models/task.rb": [
        1,
        1,
        1,
        null,
        1,
        1,
        null
      ],
      "/home/ed/angular_todo/app/controllers/application_controller.rb": [
        1,
        1,
        1,
        null,
        null,
        null,
        1,
        null,
        1,
        0,
        null,
        null,
        1,
        2,
        null,
        null,
        1,
        null,
        1,
        6,
        null,
        null
      ],
      "/home/ed/angular_todo/app/helpers/application_helper.rb": [
        1,
        null
      ],
      "/home/ed/angular_todo/app/controllers/api/projects_controller.rb": [
        1,
        1,
        1,
        null,
        1,
        2,
        null,
        null,
        1,
        0,
        0,
        null,
        0,
        null,
        null,
        null,
        1,
        0,
        0,
        null,
        0,
        null,
        null,
        null,
        1,
        0,
        0,
        null,
        0,
        null,
        null,
        null,
        1,
        null,
        1,
        0,
        null,
        null,
        null
      ],
      "/home/ed/angular_todo/app/models/ability.rb": [
        1,
        1,
        null,
        1,
        2,
        null,
        2,
        2,
        2,
        null,
        null
      ],
      "/home/ed/angular_todo/app/models/comment.rb": [
        1,
        1,
        1,
        null,
        1,
        1,
        null
      ],
      "/home/ed/angular_todo/app/uploaders/attachment_uploader.rb": [
        1,
        1,
        null,
        1,
        0,
        null,
        null,
        1,
        0,
        null,
        null
      ],
      "/home/ed/angular_todo/app/serializers/project_serializer.rb": [
        1,
        1,
        1,
        null
      ],
      "/home/ed/angular_todo/app/serializers/task_serializer.rb": [
        1,
        1,
        1,
        null
      ],
      "/home/ed/angular_todo/app/serializers/comment_serializer.rb": [
        1,
        1,
        null
      ]
    },
    "timestamp": 1521575850
  }
}
