{
  "RSpec": {
    "coverage": {
      "/home/ed/angular_todo/spec/support/database_cleaner.rb": [
        1,
        null,
        1,
        null,
        1,
        1,
        0,
        null,
        null,
        null,
        null,
        null,
        null,
        null,
        null,
        null,
        1,
        null,
        null,
        1,
        79,
        null,
        null,
        1,
        43,
        null,
        43,
        43,
        null,
        null,
        null,
        1,
        79,
        null,
        null,
        1,
        79,
        null,
        null,
        null
      ],
      "/home/ed/angular_todo/spec/support/helpers/login_helper.rb": [
        1,
        1,
        null,
        1,
        2,
        2,
        2,
        2,
        2,
        2,
        null,
        null,
        null,
        1,
        34,
        34,
        34,
        34,
        34,
        null,
        null,
        null,
        null
      ],
      "/home/ed/angular_todo/spec/support/helpers/project_helper.rb": [
        1,
        1,
        1,
        2,
        2,
        2,
        null,
        null,
        null,
        1,
        1,
        1,
        1,
        null,
        null,
        null,
        null,
        null
      ],
      "/home/ed/angular_todo/spec/support/helpers/comment_helper.rb": [
        1,
        1,
        1,
        3,
        3,
        3,
        3,
        null,
        null,
        null,
        null,
        null
      ],
      "/home/ed/angular_todo/spec/support/helpers/task_helper.rb": [
        1,
        1,
        1,
        1,
        1,
        1,
        null,
        null,
        null,
        1,
        1,
        1,
        1,
        null,
        null,
        null,
        null
      ],
      "/home/ed/angular_todo/spec/controllers/api/comments_controller_spec.rb": [
        1,
        5,
        5,
        5,
        null,
        1,
        4,
        4,
        4,
        4,
        null,
        null,
        1,
        1,
        2,
        null,
        null,
        1,
        1,
        1,
        null,
        null,
        1,
        2,
        2,
        null,
        null,
        null,
        1,
        1,
        1,
        1,
        null,
        1,
        2,
        2,
        null,
        null,
        null
      ],
      "/home/ed/angular_todo/app/controllers/api/comments_controller.rb": [
        1,
        1,
        1,
        null,
        1,
        5,
        3,
        null,
        2,
        null,
        null,
        null,
        1,
        3,
        3,
        null,
        0,
        null,
        null,
        null,
        1,
        null,
        1,
        5,
        null,
        null,
        null
      ],
      "/home/ed/angular_todo/app/controllers/application_controller.rb": [
        1,
        1,
        1,
        null,
        null,
        null,
        1,
        null,
        1,
        0,
        null,
        null,
        1,
        43,
        null,
        null,
        1,
        null,
        1,
        147,
        null,
        null
      ],
      "/home/ed/angular_todo/app/helpers/application_helper.rb": [
        1,
        null
      ],
      "/home/ed/angular_todo/spec/controllers/api/projects_controller_spec.rb": [
        1,
        8,
        null,
        1,
        7,
        7,
        7,
        null,
        null,
        1,
        1,
        1,
        1,
        null,
        null,
        null,
        1,
        3,
        null,
        1,
        1,
        1,
        null,
        1,
        2,
        2,
        null,
        null,
        null,
        1,
        3,
        null,
        1,
        1,
        1,
        null,
        null,
        1,
        2,
        2,
        null,
        null,
        null,
        1,
        1,
        1,
        1,
        null,
        1,
        2,
        2,
        null,
        null,
        null
      ],
      "/home/ed/angular_todo/app/controllers/api/projects_controller.rb": [
        1,
        1,
        1,
        null,
        1,
        35,
        null,
        null,
        1,
        4,
        3,
        null,
        1,
        null,
        null,
        null,
        1,
        3,
        3,
        null,
        0,
        null,
        null,
        null,
        1,
        3,
        3,
        null,
        0,
        null,
        null,
        null,
        1,
        null,
        1,
        15,
        null,
        null,
        null
      ],
      "/home/ed/angular_todo/spec/controllers/api/tasks_controller_spec.rb": [
        1,
        5,
        5,
        null,
        1,
        4,
        4,
        4,
        null,
        null,
        1,
        1,
        2,
        null,
        null,
        1,
        1,
        1,
        null,
        1,
        2,
        2,
        null,
        null,
        null,
        1,
        1,
        1,
        1,
        null,
        1,
        2,
        2,
        null,
        null,
        null
      ],
      "/home/ed/angular_todo/app/controllers/api/tasks_controller.rb": [
        1,
        1,
        1,
        null,
        1,
        3,
        3,
        null,
        0,
        null,
        null,
        null,
        1,
        6,
        6,
        null,
        0,
        null,
        null,
        null,
        1,
        3,
        3,
        null,
        0,
        null,
        null,
        null,
        1,
        null,
        1,
        9,
        null,
        null,
        1,
        6,
        null,
        2,
        null,
        1,
        null,
        1,
        null,
        0,
        null,
        null,
        null,
        null
      ],
      "/home/ed/angular_todo/spec/features/us01_signup_spec.rb": [
        1,
        null,
        1,
        null,
        1,
        1,
        1,
        1,
        1,
        null,
        null,
        1,
        1,
        1,
        1,
        null,
        null,
        1,
        1,
        1,
        1,
        null,
        null,
        1,
        6,
        null,
        1,
        1,
        1,
        1,
        null,
        1,
        null,
        null,
        1,
        1,
        1,
        null,
        1,
        null,
        null,
        1,
        1,
        1,
        null,
        1,
        null,
        null,
        null,
        1,
        1,
        1,
        1,
        null,
        1,
        null,
        null,
        null,
        1,
        1,
        1,
        1,
        1,
        null,
        1,
        null,
        null,
        null,
        null
      ],
      "/home/ed/angular_todo/spec/features/us02_signin_spec.rb": [
        1,
        null,
        1,
        2,
        null,
        1,
        1,
        1,
        null,
        null,
        1,
        1,
        1,
        null,
        null,
        1,
        1,
        1,
        1,
        null,
        null
      ],
      "/home/ed/angular_todo/spec/features/us03_signout_spec.rb": [
        1,
        null,
        1,
        2,
        null,
        1,
        1,
        1,
        1,
        1,
        null,
        null
      ],
      "/home/ed/angular_todo/spec/features/us04_add_project_spec.rb": [
        1,
        1,
        null,
        1,
        6,
        null,
        1,
        5,
        5,
        null,
        null,
        1,
        1,
        1,
        1,
        null,
        null,
        1,
        1,
        1,
        null,
        1,
        1,
        null,
        null,
        null,
        1,
        1,
        1,
        1,
        null,
        null,
        null,
        1,
        1,
        1,
        null,
        1,
        1,
        1,
        null,
        null,
        1,
        1,
        1,
        1,
        null,
        null
      ],
      "/home/ed/angular_todo/spec/features/us05_edit_project_spec.rb": [
        1,
        1,
        null,
        1,
        3,
        null,
        1,
        2,
        2,
        2,
        null,
        null,
        1,
        2,
        2,
        null,
        null,
        1,
        1,
        null,
        1,
        1,
        null,
        null,
        null,
        1,
        1,
        1,
        1,
        null,
        null,
        1,
        1,
        null,
        null,
        null
      ],
      "/home/ed/angular_todo/spec/features/us06_delete_project_spec.rb": [
        1,
        1,
        null,
        1,
        3,
        null,
        1,
        2,
        2,
        2,
        null,
        null,
        1,
        1,
        1,
        null,
        1,
        1,
        1,
        null,
        null,
        1,
        1,
        null,
        null,
        null,
        1,
        1,
        1,
        null,
        1,
        1,
        null,
        null,
        0,
        0,
        null,
        null,
        null
      ],
      "/home/ed/angular_todo/spec/features/us07_add_task_spec.rb": [
        1,
        1,
        null,
        1,
        5,
        null,
        1,
        4,
        4,
        4,
        4,
        null,
        null,
        1,
        3,
        null,
        1,
        1,
        1,
        null,
        null,
        null,
        1,
        1,
        1,
        null,
        null,
        null,
        null,
        1,
        3,
        null,
        1,
        1,
        1,
        null,
        1,
        1,
        null,
        null,
        null,
        1,
        1,
        1,
        1,
        null,
        1,
        1,
        1,
        null,
        null,
        null,
        null
      ],
      "/home/ed/angular_todo/spec/features/us08_setup_deadline_spec.rb": [
        1,
        null,
        1,
        5,
        null,
        1,
        4,
        4,
        4,
        4,
        null,
        null,
        1,
        4,
        4,
        null,
        4,
        4,
        4,
        null,
        null,
        null,
        1,
        1,
        null,
        1,
        1,
        1,
        null,
        1,
        1,
        null,
        1,
        1,
        null,
        null,
        null,
        null,
        1,
        4,
        2,
        null,
        1,
        1,
        1,
        1,
        1,
        null,
        0,
        null,
        null,
        0,
        0,
        null,
        null,
        1,
        1,
        1,
        1,
        null,
        0,
        null,
        null,
        0,
        0,
        null,
        null,
        null,
        1,
        1,
        1,
        1,
        null,
        0,
        null,
        null,
        0,
        0,
        null,
        null,
        null
      ],
      "/home/ed/angular_todo/spec/features/us09_prioritization_spec.rb": [
        1,
        null,
        1,
        3,
        null,
        1,
        2,
        2,
        2,
        2,
        2,
        null,
        null,
        1,
        2,
        2,
        null,
        null,
        1,
        1,
        1,
        1,
        1,
        null,
        null,
        1,
        1,
        null,
        null,
        1,
        1,
        1,
        1,
        null,
        null,
        1,
        1,
        null,
        null,
        null
      ],
      "/home/ed/angular_todo/spec/features/us10_edit_task_spec.rb": [
        1,
        1,
        null,
        1,
        3,
        null,
        1,
        2,
        2,
        2,
        2,
        null,
        null,
        1,
        2,
        2,
        null,
        2,
        2,
        2,
        null,
        null,
        null,
        1,
        1,
        1,
        1,
        null,
        null,
        null,
        1,
        1,
        1,
        1,
        1,
        null,
        null,
        1,
        1,
        null,
        null,
        null
      ],
      "/home/ed/angular_todo/spec/features/us11_task_done_spec.rb": [
        1,
        null,
        1,
        3,
        null,
        1,
        2,
        2,
        2,
        2,
        2,
        null,
        null,
        1,
        2,
        2,
        null,
        2,
        2,
        null,
        null,
        null,
        1,
        1,
        1,
        1,
        null,
        null,
        null,
        1,
        1,
        1,
        2,
        2,
        null,
        null,
        1,
        null,
        null
      ],
      "/home/ed/angular_todo/spec/features/us12_delete_task_spec.rb": [
        1,
        null,
        1,
        4,
        null,
        1,
        3,
        3,
        3,
        3,
        null,
        null,
        1,
        3,
        3,
        null,
        3,
        3,
        3,
        null,
        null,
        null,
        1,
        1,
        1,
        1,
        null,
        null,
        null,
        1,
        1,
        1,
        1,
        null,
        null,
        1,
        1,
        null,
        null,
        null,
        1,
        1,
        1,
        null,
        null,
        1,
        1,
        null,
        null,
        null,
        null
      ],
      "/home/ed/angular_todo/spec/features/us13_add_comment_spec.rb": [
        1,
        1,
        null,
        1,
        5,
        null,
        1,
        4,
        4,
        4,
        4,
        null,
        null,
        1,
        4,
        4,
        null,
        4,
        4,
        4,
        null,
        null,
        null,
        1,
        1,
        1,
        1,
        1,
        null,
        null,
        1,
        1,
        null,
        1,
        1,
        null,
        null,
        null,
        1,
        1,
        1,
        1,
        1,
        null,
        1,
        null,
        null,
        null,
        1,
        1,
        1,
        1,
        1,
        1,
        null,
        null,
        null,
        1,
        1,
        1,
        1,
        null,
        1,
        null,
        null,
        null,
        null
      ],
      "/home/ed/angular_todo/spec/features/us14_delete_comment_spec.rb": [
        1,
        null,
        1,
        2,
        null,
        1,
        1,
        1,
        1,
        1,
        1,
        null,
        null,
        1,
        1,
        1,
        null,
        1,
        1,
        1,
        null,
        null,
        null,
        1,
        1,
        1,
        1,
        1,
        null,
        null,
        1,
        1,
        1,
        null,
        1,
        null,
        null,
        null
      ],
      "/home/ed/angular_todo/spec/models/ability_spec.rb": [
        1,
        null,
        1,
        4,
        4,
        3,
        2,
        null,
        1,
        4,
        null,
        2,
        2,
        2,
        null,
        null
      ],
      "/home/ed/angular_todo/app/models/ability.rb": [
        1,
        1,
        null,
        1,
        68,
        null,
        68,
        68,
        68,
        null,
        null
      ],
      "/home/ed/angular_todo/spec/models/comment_spec.rb": [
        1,
        5,
        null,
        1,
        2,
        null,
        null,
        1,
        2,
        2,
        2,
        null,
        null
      ],
      "/home/ed/angular_todo/app/models/comment.rb": [
        1,
        1,
        1,
        null,
        1,
        1,
        null
      ],
      "/home/ed/angular_todo/app/models/application_record.rb": [
        1,
        1,
        1,
        null,
        null
      ],
      "/home/ed/angular_todo/app/uploaders/attachment_uploader.rb": [
        1,
        1,
        null,
        1,
        1,
        null,
        null,
        1,
        8,
        null,
        null
      ],
      "/home/ed/angular_todo/spec/models/project_spec.rb": [
        1,
        5,
        null,
        1,
        2,
        2,
        null,
        null,
        1,
        2,
        2,
        2,
        null,
        null
      ],
      "/home/ed/angular_todo/app/models/project.rb": [
        1,
        1,
        45,
        1,
        1,
        null
      ],
      "/home/ed/angular_todo/spec/models/task_spec.rb": [
        1,
        5,
        null,
        1,
        2,
        2,
        null,
        null,
        1,
        2,
        2,
        null,
        null
      ],
      "/home/ed/angular_todo/app/models/task.rb": [
        1,
        1,
        1,
        null,
        1,
        1,
        null
      ],
      "/home/ed/angular_todo/spec/models/user_spec.rb": [
        1,
        3,
        null,
        1,
        2,
        null,
        null,
        1,
        2,
        null,
        null
      ],
      "/home/ed/angular_todo/spec/serializers/comment_serializer_spec.rb": [
        1,
        2,
        2,
        null,
        2,
        null,
        1,
        1,
        1,
        1,
        null,
        null
      ],
      "/home/ed/angular_todo/app/serializers/comment_serializer.rb": [
        1,
        1,
        null
      ],
      "/home/ed/angular_todo/spec/serializers/project_serializer_spec.rb": [
        1,
        2,
        2,
        null,
        2,
        null,
        1,
        1,
        1,
        null,
        null
      ],
      "/home/ed/angular_todo/app/serializers/project_serializer.rb": [
        1,
        1,
        1,
        null
      ],
      "/home/ed/angular_todo/app/serializers/task_serializer.rb": [
        1,
        1,
        1,
        null
      ],
      "/home/ed/angular_todo/spec/serializers/task_serializer_spec.rb": [
        1,
        2,
        2,
        null,
        2,
        null,
        1,
        1,
        1,
        1,
        null,
        null
      ],
      "/home/ed/angular_todo/app/controllers/users/registrations_controller.rb": [
        1,
        1,
        2,
        2,
        null,
        2,
        0,
        0,
        null,
        null,
        null,
        2,
        2,
        null,
        0,
        null,
        null,
        null,
        null,
        null,
        null,
        null,
        null,
        null,
        null,
        null,
        null,
        null,
        null,
        2,
        0,
        0,
        null,
        null,
        null,
        2,
        null,
        null,
        null,
        2,
        null,
        2,
        null,
        null,
        2,
        1,
        null,
        1,
        null,
        1,
        null,
        1,
        1,
        null,
        1,
        1,
        null,
        0,
        0,
        0,
        null,
        null,
        null,
        1,
        0,
        null,
        null,
        null,
        0,
        0,
        null,
        null,
        1,
        0,
        null,
        null,
        null,
        0,
        0,
        null,
        null
      ]
    },
    "timestamp": 1521976300
  }
}
